C:\USERS\PJR\DESKTOP\BREAKOUT_TEST _2010_BASE\SOKOBAN\DEBUG\SOKOBAN.EXE
C:\USERS\PJR\DESKTOP\BREAKOUT_TEST _2010_BASE\SOKOBAN\DEBUG\SOKOBAN.ILK
C:\USERS\PJR\DESKTOP\BREAKOUT_TEST _2010_BASE\SOKOBAN\DEBUG\SOKOBAN.PDB
C:\USERS\PJR\DESKTOP\BREAKOUT_TEST _2010_BASE\SOKOBAN\SOKOBAN\DEBUG\CANIMATION.OBJ
C:\USERS\PJR\DESKTOP\BREAKOUT_TEST _2010_BASE\SOKOBAN\SOKOBAN\DEBUG\CAPP.OBJ
C:\USERS\PJR\DESKTOP\BREAKOUT_TEST _2010_BASE\SOKOBAN\SOKOBAN\DEBUG\CAPP_ONCLEANUP.OBJ
C:\USERS\PJR\DESKTOP\BREAKOUT_TEST _2010_BASE\SOKOBAN\SOKOBAN\DEBUG\CAPP_ONEVENT.OBJ
C:\USERS\PJR\DESKTOP\BREAKOUT_TEST _2010_BASE\SOKOBAN\SOKOBAN\DEBUG\CAPP_ONINIT.OBJ
C:\USERS\PJR\DESKTOP\BREAKOUT_TEST _2010_BASE\SOKOBAN\SOKOBAN\DEBUG\CAPP_ONLOOP.OBJ
C:\USERS\PJR\DESKTOP\BREAKOUT_TEST _2010_BASE\SOKOBAN\SOKOBAN\DEBUG\CAPP_ONRENDER.OBJ
C:\USERS\PJR\DESKTOP\BREAKOUT_TEST _2010_BASE\SOKOBAN\SOKOBAN\DEBUG\CAREA.OBJ
C:\USERS\PJR\DESKTOP\BREAKOUT_TEST _2010_BASE\SOKOBAN\SOKOBAN\DEBUG\CCAMERA.OBJ
C:\USERS\PJR\DESKTOP\BREAKOUT_TEST _2010_BASE\SOKOBAN\SOKOBAN\DEBUG\CENTITY.OBJ
C:\USERS\PJR\DESKTOP\BREAKOUT_TEST _2010_BASE\SOKOBAN\SOKOBAN\DEBUG\CENTITYCOL.OBJ
C:\USERS\PJR\DESKTOP\BREAKOUT_TEST _2010_BASE\SOKOBAN\SOKOBAN\DEBUG\CEVENT.OBJ
C:\USERS\PJR\DESKTOP\BREAKOUT_TEST _2010_BASE\SOKOBAN\SOKOBAN\DEBUG\CFPS.OBJ
C:\USERS\PJR\DESKTOP\BREAKOUT_TEST _2010_BASE\SOKOBAN\SOKOBAN\DEBUG\CMAP.OBJ
C:\USERS\PJR\DESKTOP\BREAKOUT_TEST _2010_BASE\SOKOBAN\SOKOBAN\DEBUG\CPLAYER.OBJ
C:\USERS\PJR\DESKTOP\BREAKOUT_TEST _2010_BASE\SOKOBAN\SOKOBAN\DEBUG\CSOUNDBANK.OBJ
C:\USERS\PJR\DESKTOP\BREAKOUT_TEST _2010_BASE\SOKOBAN\SOKOBAN\DEBUG\CSURFACE.OBJ
C:\USERS\PJR\DESKTOP\BREAKOUT_TEST _2010_BASE\SOKOBAN\SOKOBAN\DEBUG\CTILE.OBJ
C:\USERS\PJR\DESKTOP\BREAKOUT_TEST _2010_BASE\SOKOBAN\SOKOBAN\DEBUG\SOKOBAN.EXE.INTERMEDIATE.MANIFEST
C:\USERS\PJR\DESKTOP\BREAKOUT_TEST _2010_BASE\SOKOBAN\SOKOBAN\DEBUG\VC100.PDB
C:\Users\pjr\Desktop\breakout_test_2010_base\code_breakout\Sokoban\Debug\cl.command.1.tlog
C:\Users\pjr\Desktop\breakout_test_2010_base\code_breakout\Sokoban\Debug\CL.read.1.tlog
C:\Users\pjr\Desktop\breakout_test_2010_base\code_breakout\Sokoban\Debug\CL.write.1.tlog
C:\Users\pjr\Desktop\breakout_test_2010_base\code_breakout\Sokoban\Debug\link.command.1.tlog
C:\Users\pjr\Desktop\breakout_test_2010_base\code_breakout\Sokoban\Debug\link.read.1.tlog
C:\Users\pjr\Desktop\breakout_test_2010_base\code_breakout\Sokoban\Debug\link.write.1.tlog
C:\Users\pjr\Desktop\breakout_test_2010_base\code_breakout\Sokoban\Debug\mt.command.1.tlog
C:\Users\pjr\Desktop\breakout_test_2010_base\code_breakout\Sokoban\Debug\mt.read.1.tlog
C:\Users\pjr\Desktop\breakout_test_2010_base\code_breakout\Sokoban\Debug\mt.write.1.tlog
C:\Users\pjr\Desktop\breakout_test_2010_base\code_breakout\Sokoban\Debug\Sokoban.vcxprojResolveAssemblyReference.cache
C:\Users\pjr\Desktop\breakout_test_2010_base\code_breakout\Sokoban\Debug\Sokoban.write.1.tlog
C:\Users\pjr\Desktop\breakout_test_2010_base\code_breakout\Sokoban\Debug\vc100.idb
