Build started 19/2/16 18:20:29 .
     1>Project "C:\Users\pjr\Desktop\breakout_test_2010_base\code_breakout\Sokoban\Sokoban.vcxproj" on node 2 (build target(s)).
     1>InitializeBuildStatus:
         Creating "Debug\Sokoban.unsuccessfulbuild" because "AlwaysCreate" was specified.
       ClCompile:
         C:\Program Files\Microsoft Visual Studio 10.0\VC\bin\CL.exe /c /ZI /nologo /W3 /WX- /Od /Oy- /D _CRT_SECURE_NO_WARNINGS /D _MBCS /Gm /EHsc /RTC1 /MDd /GS /fp:precise /Zc:wchar_t /Zc:forScope /Fo"Debug\\" /Fd"Debug\vc100.pdb" /Gd /TP /analyze- /errorReport:prompt CApp.cpp CApp_OnCleanup.cpp CApp_OnEvent.cpp CApp_OnInit.cpp CApp_OnLoop.cpp CApp_OnRender.cpp
         CApp_OnRender.cpp
         CApp_OnInit.cpp
         CApp_OnCleanup.cpp
     1>c:\users\pjr\desktop\breakout_test_2010_base\code_breakout\sokoban\capp_oncleanup.cpp(15): warning C4018: '<' : signed/unsigned mismatch
         CApp.cpp
         Generating Code...
         Compiling...
         CApp_OnLoop.cpp
     1>c:\users\pjr\desktop\breakout_test_2010_base\code_breakout\sokoban\capp_onloop.cpp(26): warning C4018: '<' : signed/unsigned mismatch
     1>c:\users\pjr\desktop\breakout_test_2010_base\code_breakout\sokoban\capp_onloop.cpp(33): warning C4018: '<' : signed/unsigned mismatch
         CApp_OnEvent.cpp
         Generating Code...
     1>cl : Command line warning D9028: minimal rebuild failure, reverting to normal build
       Link:
         C:\Program Files\Microsoft Visual Studio 10.0\VC\bin\link.exe /ERRORREPORT:PROMPT /OUT:"C:\Users\pjr\Desktop\breakout_test_2010_base\code_breakout\Debug\Sokoban.exe" /NOLOGO SDL2.lib SDL2main.lib SDL2_mixer.lib SDL2_image.lib kernel32.lib user32.lib gdi32.lib winspool.lib comdlg32.lib advapi32.lib shell32.lib ole32.lib oleaut32.lib uuid.lib odbc32.lib odbccp32.lib /MANIFEST /ManifestFile:"Debug\Sokoban.exe.intermediate.manifest" /MANIFESTUAC:"level='asInvoker' uiAccess='false'" /DEBUG /PDB:"C:\Users\pjr\Desktop\breakout_test_2010_base\code_breakout\Debug\Sokoban.pdb" /SUBSYSTEM:CONSOLE /TLBID:1 /DYNAMICBASE /NXCOMPAT /IMPLIB:"C:\Users\pjr\Desktop\breakout_test_2010_base\code_breakout\Debug\Sokoban.lib" /MACHINE:X86 Debug\CAnimation.obj
         Debug\CApp.obj
         Debug\CApp_OnCleanup.obj
         Debug\CApp_OnEvent.obj
         Debug\CApp_OnInit.obj
         Debug\CApp_OnLoop.obj
         Debug\CApp_OnRender.obj
         Debug\CArea.obj
         Debug\CCamera.obj
         Debug\CEntity.obj
         Debug\CEntityCol.obj
         Debug\CEvent.obj
         Debug\CFPS.obj
         Debug\CMap.obj
         Debug\CPlayer.obj
         Debug\CSoundBank.obj
         Debug\CSurface.obj
         Debug\CTile.obj
         LINK : C:\Users\pjr\Desktop\breakout_test_2010_base\code_breakout\Debug\Sokoban.exe not found or not built by the last incremental link; performing full link
         Sokoban.vcxproj -> C:\Users\pjr\Desktop\breakout_test_2010_base\code_breakout\Debug\Sokoban.exe
       Manifest:
         C:\Program Files\Microsoft SDKs\Windows\v7.0A\bin\mt.exe /nologo /verbose /outputresource:"C:\Users\pjr\Desktop\breakout_test_2010_base\code_breakout\Debug\Sokoban.exe;#1" /manifest Debug\Sokoban.exe.intermediate.manifest
       FinalizeBuildStatus:
         Deleting file "Debug\Sokoban.unsuccessfulbuild".
         Touching "Debug\Sokoban.lastbuildstate".
     1>Done Building Project "C:\Users\pjr\Desktop\breakout_test_2010_base\code_breakout\Sokoban\Sokoban.vcxproj" (build target(s)).

Build succeeded.

Time Elapsed 00:00:09.72
